app/build/intermediates/manifest_merge_blame_file/debug/manifest-merger-blame-debug-report.txt
1<?xml version="1.0" encoding="utf-8"?>
2<manifest xmlns:android="http://schemas.android.com/apk/res/android"
3    package="com.kc.movies"
4    android:versionCode="1"
5    android:versionName="1.0" >
6
7    <uses-sdk
8        android:minSdkVersion="17"
8-->src/main/AndroidManifest.xml
9        android:targetSdkVersion="29" />
9-->src/main/AndroidManifest.xml
10
11    <application
11-->src/main/AndroidManifest.xml:5:3-18:17
12        android:allowBackup="true"
12-->src/main/AndroidManifest.xml:6:5-31
13        android:appComponentFactory="androidx.core.app.CoreComponentFactory"
13-->[androidx.core:core:1.1.0] AndroidManifest.xml:24:18-86
14        android:debuggable="true"
15        android:icon="@mipmap/ic_launcher"
15-->src/main/AndroidManifest.xml:7:5-39
16        android:label="@string/app_name"
16-->src/main/AndroidManifest.xml:8:5-37
17        android:testOnly="true"
18        android:theme="@style/AppTheme" >
18-->src/main/AndroidManifest.xml:9:5-36
19        <activity
19-->src/main/AndroidManifest.xml:10:5-17:16
20            android:name="com.kc.movies.MainActivity"
20-->src/main/AndroidManifest.xml:11:7-48
21            android:windowSoftInputMode="adjustPan" >
21-->src/main/AndroidManifest.xml:12:7-46
22            <intent-filter>
22-->src/main/AndroidManifest.xml:13:7-16:23
23                <action android:name="android.intent.action.MAIN" />
23-->src/main/AndroidManifest.xml:14:9-61
23-->src/main/AndroidManifest.xml:14:17-58
24
25                <category android:name="android.intent.category.LAUNCHER" />
25-->src/main/AndroidManifest.xml:15:9-69
25-->src/main/AndroidManifest.xml:15:19-66
26            </intent-filter>
27        </activity>
28    </application>
29
30</manifest>